<?xml version="1.0" encoding="UTF-8"?>
<!-- Generated by org.testng.reporters.JUnitReportReporter -->
<testsuite hostname="LAPTOP-DSN0OOV1" failures="0" tests="1" name="seleniumJavaFramework.browserTest2_testNG" time="10.131" errors="0" timestamp="2022-11-29T23:02:45 IST" skipped="0">
  <testcase classname="seleniumJavaFramework.browserTest2_testNG" name="test" time="10.131"/>
  <system-out/>
</testsuite> <!-- seleniumJavaFramework.browserTest2_testNG -->
