<?xml version="1.0" encoding="UTF-8"?>
<!-- Generated by org.testng.reporters.JUnitReportReporter -->
<testsuite hostname="LAPTOP-DSN0OOV1" failures="0" tests="1" name="seleniumJavaFramework.browserTest5_testNG5" time="2.502" errors="0" timestamp="2022-11-29T23:03:14 IST" skipped="0">
  <testcase classname="seleniumJavaFramework.browserTest5_testNG5" name="test" time="2.502"/>
  <system-out/>
</testsuite> <!-- seleniumJavaFramework.browserTest5_testNG5 -->
