<?xml version="1.0" encoding="UTF-8"?>
<!-- Generated by org.testng.reporters.JUnitReportReporter -->
<testsuite hostname="LAPTOP-DSN0OOV1" failures="0" tests="1" name="seleniumJavaFramework.browserTest6_testNG6" time="8.293" errors="0" timestamp="2022-11-29T23:35:37 IST" skipped="0">
  <testcase classname="seleniumJavaFramework.browserTest6_testNG6" name="test" time="8.293"/>
  <system-out/>
</testsuite> <!-- seleniumJavaFramework.browserTest6_testNG6 -->
