<?xml version="1.0" encoding="UTF-8"?>
<!-- Generated by org.testng.reporters.JUnitReportReporter -->
<testsuite hostname="LAPTOP-DSN0OOV1" failures="0" tests="1" name="seleniumJavaFramework.browserTest3_testNG3" time="3.652" errors="0" timestamp="2022-11-29T23:02:54 IST" skipped="0">
  <testcase classname="seleniumJavaFramework.browserTest3_testNG3" name="test" time="3.652"/>
  <system-out/>
</testsuite> <!-- seleniumJavaFramework.browserTest3_testNG3 -->
