<?xml version="1.0" encoding="UTF-8"?>
<!-- Generated by org.testng.reporters.JUnitReportReporter -->
<testsuite hostname="LAPTOP-DSN0OOV1" failures="0" tests="1" name="seleniumJavaFramework.browserTest8_testNG8" time="14.983" errors="0" timestamp="2022-11-29T23:04:20 IST" skipped="0">
  <testcase classname="seleniumJavaFramework.browserTest8_testNG8" name="test" time="14.983"/>
  <system-out/>
</testsuite> <!-- seleniumJavaFramework.browserTest8_testNG8 -->
