<?xml version="1.0" encoding="UTF-8"?>
<!-- Generated by org.testng.reporters.JUnitReportReporter -->
<testsuite hostname="LAPTOP-DSN0OOV1" failures="0" tests="1" name="seleniumJavaFramework.browserTest2_testNG" time="8.341" errors="0" timestamp="2022-11-18T12:22:35 IST" skipped="0">
  <testcase classname="seleniumJavaFramework.browserTest2_testNG" name="test" time="8.341"/>
  <system-out/>
</testsuite> <!-- seleniumJavaFramework.browserTest2_testNG -->
