<?xml version="1.0" encoding="UTF-8"?>
<!-- Generated by org.testng.reporters.JUnitReportReporter -->
<testsuite hostname="LAPTOP-DSN0OOV1" failures="0" tests="1" name="seleniumJavaFramework.browserTest4_testNG4" time="4.326" errors="0" timestamp="2022-11-29T23:33:34 IST" skipped="0">
  <testcase classname="seleniumJavaFramework.browserTest4_testNG4" name="test" time="4.326"/>
  <system-out/>
</testsuite> <!-- seleniumJavaFramework.browserTest4_testNG4 -->
