<?xml version="1.0" encoding="UTF-8"?>
<!-- Generated by org.testng.reporters.JUnitReportReporter -->
<testsuite hostname="LAPTOP-DSN0OOV1" failures="0" tests="1" name="seleniumJavaFramework.browserTest7_testNG7" time="9.835" errors="0" timestamp="2022-11-29T23:28:57 IST" skipped="0">
  <testcase classname="seleniumJavaFramework.browserTest7_testNG7" name="test" time="9.835"/>
  <system-out/>
</testsuite> <!-- seleniumJavaFramework.browserTest7_testNG7 -->
